<?xml version="1.0" encoding="UTF-8"?>
<!-- Generated by org.testng.reporters.JUnitReportReporter -->
<testsuite hostname="DESKTOP-P99ESTE" failures="0" tests="1" name="TestCases.SignupTestCases" time="16.646" errors="0" timestamp="2023-07-05T23:41:32 IST" skipped="0">
  <testcase classname="TestCases.SignupTestCases" name="verifySignup" time="16.646"/>
</testsuite> <!-- TestCases.SignupTestCases -->
